#
# There is insufficient memory for the Java Runtime Environment to continue.
# Native memory allocation (mmap) failed to map 264241152 bytes for G1 virtual space
# Possible reasons:
#   The system is out of physical RAM or swap space
#   The process is running with CompressedOops enabled, and the Java Heap may be blocking the growth of the native heap
# Possible solutions:
#   Reduce memory load on the system
#   Increase physical memory or swap space
#   Check if swap backing store is full
#   Decrease Java heap size (-Xmx/-Xms)
#   Decrease number of Java threads
#   Decrease Java thread stack sizes (-Xss)
#   Set larger code cache with -XX:ReservedCodeCacheSize=
#   JVM is running with Zero Based Compressed Oops mode in which the Java heap is
#     placed in the first 32GB address space. The Java Heap base address is the
#     maximum limit for the native heap growth. Please use -XX:HeapBaseMinAddress
#     to set the Java Heap base and to place the Java Heap above 32GB virtual address.
# This output file may be truncated or incomplete.
#
#  Out of Memory Error (os_windows.cpp:3527), pid=572, tid=17424
#
# JRE version:  (19.0+36) (build )
# Java VM: OpenJDK 64-Bit Server VM (19+36, mixed mode, sharing, tiered, compressed oops, compressed class ptrs, g1 gc, windows-amd64)
# No core dump will be written. Minidumps are not enabled by default on client versions of Windows
#

---------------  S U M M A R Y ------------

Command Line: -Dfile.encoding=UTF-8 -XX:+ShowCodeDetailsInExceptionMessages gui_package.main_gui

Host: 11th Gen Intel(R) Core(TM) i7-11600H @ 2.90GHz, 12 cores, 15G,  Windows 11 , 64 bit Build 22621 (10.0.22621.1485)
Time: Tue Apr 11 22:38:33 2023 India Standard Time elapsed time: 0.012676 seconds (0d 0h 0m 0s)

---------------  T H R E A D  ---------------

Current thread (0x000002502ae6abe0):  JavaThread "Unknown thread" [_thread_in_vm, id=17424, stack(0x000000523ed00000,0x000000523ee00000)]

Stack: [0x000000523ed00000,0x000000523ee00000]
Native frames: (J=compiled Java code, j=interpreted, Vv=VM code, C=native code)
V  [jvm.dll+0x6ea7da]
V  [jvm.dll+0x8a3d50]
V  [jvm.dll+0x8a573e]
V  [jvm.dll+0x8a5df3]
V  [jvm.dll+0x27bbcf]
V  [jvm.dll+0x6e74f9]
V  [jvm.dll+0x6dbf4a]
V  [jvm.dll+0x3522eb]
V  [jvm.dll+0x359d76]
V  [jvm.dll+0x3b069e]
V  [jvm.dll+0x3b08cf]
V  [jvm.dll+0x32787a]
V  [jvm.dll+0x32871e]
V  [jvm.dll+0x86e8a0]
V  [jvm.dll+0x3bdae1]
V  [jvm.dll+0x84f1a1]
V  [jvm.dll+0x445f5f]
V  [jvm.dll+0x447a41]
C  [jli.dll+0x5267]
C  [ucrtbase.dll+0x29363]
C  [KERNEL32.DLL+0x1269d]
C  [ntdll.dll+0x5a9f8]


---------------  P R O C E S S  ---------------

Threads class SMR info:
_java_thread_list=0x00007ffc547a05a8, length=0, elements={
}

Java Threads: ( => current thread )

Other Threads:
  0x000002502aedd5b0 WorkerThread "GC Thread#0" [stack: 0x000000523ee00000,0x000000523ef00000] [id=11276]
  0x000002502aeedf20 ConcurrentGCThread "G1 Main Marker" [stack: 0x000000523ef00000,0x000000523f000000] [id=36596]
  0x000002502aeee760 WorkerThread "G1 Conc#0" [stack: 0x000000523f000000,0x000000523f100000] [id=32816]

[error occurred during error reporting (printing all threads), id 0xc0000005, EXCEPTION_ACCESS_VIOLATION (0xc0000005) at pc=0x00007ffc53f282b7]

VM state: not at safepoint (not fully initialized)

VM Mutex/Monitor currently owned by a thread:  ([mutex/lock_event])
[0x000002502ae688e0] Heap_lock - owner thread: 0x000002502ae6abe0

Heap address: 0x0000000704000000, size: 4032 MB, Compressed Oops mode: Zero based, Oop shift amount: 3

CDS archive(s) mapped at: [0x0000000000000000-0x0000000000000000-0x0000000000000000), size 0, SharedBaseAddress: 0x0000000800000000, ArchiveRelocationMode: 0.
Narrow klass base: 0x0000000000000000, Narrow klass shift: 0, Narrow klass range: 0x0

GC Precious Log:
 CardTable entry size: 512
 Card Set container configuration: InlinePtr #cards 4 size 8 Array Of Cards #cards 8 size 32 Howl #buckets 8 coarsen threshold 3686 Howl Bitmap #cards 512 size 80 coarsen threshold 460 Card regions per heap region 1 cards per card region 4096

Heap:
 garbage-first heap   total 0K, used 0K [0x0000000704000000, 0x0000000800000000)
  region size 2048K, 0 young (0K), 0 survivors (0K)

[error occurred during error reporting (printing heap information), id 0xc0000005, EXCEPTION_ACCESS_VIOLATION (0xc0000005) at pc=0x00007ffc54332e99]

GC Heap History (0 events):
No events

Dll operation events (1 events):
Event: 0.007 Loaded shared library C:\Users\someones\.p2\pool\plugins\org.eclipse.justj.openjdk.hotspot.jre.full.win32.x86_64_19.0.0.v20221005-1658\jre\bin\java.dll

Deoptimization events (0 events):
No events

Classes loaded (0 events):
No events

Classes unloaded (0 events):
No events

Classes redefined (0 events):
No events

Internal exceptions (0 events):
No events

VM Operations (0 events):
No events

Events (0 events):
No events


Dynamic libraries:
0x00007ff72deb0000 - 0x00007ff72debe000 	C:\Users\someones\.p2\pool\plugins\org.eclipse.justj.openjdk.hotspot.jre.full.win32.x86_64_19.0.0.v20221005-1658\jre\bin\javaw.exe
0x00007ffcba550000 - 0x00007ffcba764000 	C:\WINDOWS\SYSTEM32\ntdll.dll
0x00007ffcb9380000 - 0x00007ffcb9442000 	C:\WINDOWS\System32\KERNEL32.DLL
0x00007ffcb7d40000 - 0x00007ffcb80dc000 	C:\WINDOWS\System32\KERNELBASE.dll
0x00007ffcb7a30000 - 0x00007ffcb7b41000 	C:\WINDOWS\System32\ucrtbase.dll
0x00007ffc4b640000 - 0x00007ffc4b657000 	C:\Users\someones\.p2\pool\plugins\org.eclipse.justj.openjdk.hotspot.jre.full.win32.x86_64_19.0.0.v20221005-1658\jre\bin\jli.dll
0x00007ffc4b620000 - 0x00007ffc4b639000 	C:\Users\someones\.p2\pool\plugins\org.eclipse.justj.openjdk.hotspot.jre.full.win32.x86_64_19.0.0.v20221005-1658\jre\bin\VCRUNTIME140.dll
0x00007ffcb9460000 - 0x00007ffcb960b000 	C:\WINDOWS\System32\USER32.dll
0x00007ffcab7e0000 - 0x00007ffcaba6e000 	C:\WINDOWS\WinSxS\amd64_microsoft.windows.common-controls_6595b64144ccf1df_6.0.22621.608_none_a9444ca7c10bb01d\COMCTL32.dll
0x00007ffcb80e0000 - 0x00007ffcb8106000 	C:\WINDOWS\System32\win32u.dll
0x00007ffcb8810000 - 0x00007ffcb88b7000 	C:\WINDOWS\System32\msvcrt.dll
0x00007ffcb9d40000 - 0x00007ffcb9d69000 	C:\WINDOWS\System32\GDI32.dll
0x00007ffcb8110000 - 0x00007ffcb8223000 	C:\WINDOWS\System32\gdi32full.dll
0x00007ffcb7990000 - 0x00007ffcb7a2a000 	C:\WINDOWS\System32\msvcp_win.dll
0x00007ffcb8990000 - 0x00007ffcb89c1000 	C:\WINDOWS\System32\IMM32.DLL
0x00007ffcacde0000 - 0x00007ffcacdec000 	C:\Users\someones\.p2\pool\plugins\org.eclipse.justj.openjdk.hotspot.jre.full.win32.x86_64_19.0.0.v20221005-1658\jre\bin\vcruntime140_1.dll
0x00007ffc4b580000 - 0x00007ffc4b611000 	C:\Users\someones\.p2\pool\plugins\org.eclipse.justj.openjdk.hotspot.jre.full.win32.x86_64_19.0.0.v20221005-1658\jre\bin\msvcp140.dll
0x00007ffc53bf0000 - 0x00007ffc548e1000 	C:\Users\someones\.p2\pool\plugins\org.eclipse.justj.openjdk.hotspot.jre.full.win32.x86_64_19.0.0.v20221005-1658\jre\bin\server\jvm.dll
0x00007ffcb88c0000 - 0x00007ffcb896e000 	C:\WINDOWS\System32\ADVAPI32.dll
0x00007ffcba1f0000 - 0x00007ffcba294000 	C:\WINDOWS\System32\sechost.dll
0x00007ffcb9fd0000 - 0x00007ffcba0e5000 	C:\WINDOWS\System32\RPCRT4.dll
0x00007ffcac9b0000 - 0x00007ffcac9e4000 	C:\WINDOWS\SYSTEM32\WINMM.dll
0x00007ffc9d7c0000 - 0x00007ffc9d7c9000 	C:\WINDOWS\SYSTEM32\WSOCK32.dll
0x00007ffcabe00000 - 0x00007ffcabe0a000 	C:\WINDOWS\SYSTEM32\VERSION.dll
0x00007ffcb9f50000 - 0x00007ffcb9fc1000 	C:\WINDOWS\System32\WS2_32.dll
0x00007ffcb6a90000 - 0x00007ffcb6aa8000 	C:\WINDOWS\SYSTEM32\kernel.appcore.dll
0x00007ffc9cd40000 - 0x00007ffc9cd4a000 	C:\Users\someones\.p2\pool\plugins\org.eclipse.justj.openjdk.hotspot.jre.full.win32.x86_64_19.0.0.v20221005-1658\jre\bin\jimage.dll
0x00007ffcb5020000 - 0x00007ffcb524e000 	C:\WINDOWS\SYSTEM32\DBGHELP.DLL
0x00007ffcb8480000 - 0x00007ffcb8809000 	C:\WINDOWS\System32\combase.dll
0x00007ffcb9d70000 - 0x00007ffcb9e47000 	C:\WINDOWS\System32\OLEAUT32.dll
0x00007ffcaa320000 - 0x00007ffcaa352000 	C:\WINDOWS\SYSTEM32\dbgcore.DLL
0x00007ffcb7cc0000 - 0x00007ffcb7d3b000 	C:\WINDOWS\System32\bcryptPrimitives.dll
0x00007ffc8c9c0000 - 0x00007ffc8c9e6000 	C:\Users\someones\.p2\pool\plugins\org.eclipse.justj.openjdk.hotspot.jre.full.win32.x86_64_19.0.0.v20221005-1658\jre\bin\java.dll

dbghelp: loaded successfully - version: 4.0.5 - missing functions: none
symbol engine: initialized successfully - sym options: 0x614 - pdb path: .;C:\Users\someones\.p2\pool\plugins\org.eclipse.justj.openjdk.hotspot.jre.full.win32.x86_64_19.0.0.v20221005-1658\jre\bin;C:\WINDOWS\SYSTEM32;C:\WINDOWS\WinSxS\amd64_microsoft.windows.common-controls_6595b64144ccf1df_6.0.22621.608_none_a9444ca7c10bb01d;C:\Users\someones\.p2\pool\plugins\org.eclipse.justj.openjdk.hotspot.jre.full.win32.x86_64_19.0.0.v20221005-1658\jre\bin\server

VM Arguments:
jvm_args: -Dfile.encoding=UTF-8 -XX:+ShowCodeDetailsInExceptionMessages 
java_command: gui_package.main_gui
java_class_path (initial): C:\Users\someones\eclipse-workspace\GUI Password Generator\bin
Launcher Type: SUN_STANDARD

[Global flags]
     intx CICompilerCount                          = 4                                         {product} {ergonomic}
     uint ConcGCThreads                            = 3                                         {product} {ergonomic}
     uint G1ConcRefinementThreads                  = 10                                        {product} {ergonomic}
   size_t G1HeapRegionSize                         = 2097152                                   {product} {ergonomic}
    uintx GCDrainStackTargetSize                   = 64                                        {product} {ergonomic}
   size_t InitialHeapSize                          = 264241152                                 {product} {ergonomic}
   size_t MarkStackSize                            = 4194304                                   {product} {ergonomic}
   size_t MaxHeapSize                              = 4227858432                                {product} {ergonomic}
   size_t MinHeapDeltaBytes                        = 2097152                                   {product} {ergonomic}
   size_t MinHeapSize                              = 8388608                                   {product} {ergonomic}
    uintx NonNMethodCodeHeapSize                   = 5839372                                {pd product} {ergonomic}
    uintx NonProfiledCodeHeapSize                  = 122909434                              {pd product} {ergonomic}
    uintx ProfiledCodeHeapSize                     = 122909434                              {pd product} {ergonomic}
    uintx ReservedCodeCacheSize                    = 251658240                              {pd product} {ergonomic}
     bool SegmentedCodeCache                       = true                                      {product} {ergonomic}
     bool ShowCodeDetailsInExceptionMessages       = true                                   {manageable} {command line}
   size_t SoftMaxHeapSize                          = 4227858432                             {manageable} {ergonomic}
     bool UseCompressedClassPointers               = true                           {product lp64_product} {ergonomic}
     bool UseCompressedOops                        = true                           {product lp64_product} {ergonomic}
     bool UseG1GC                                  = true                                      {product} {ergonomic}
     bool UseLargePagesIndividualAllocation        = false                                  {pd product} {ergonomic}

Logging:
Log output configuration:
 #0: stdout all=warning uptime,level,tags foldmultilines=false
 #1: stderr all=off uptime,level,tags foldmultilines=false

Environment Variables:
PATH=C:/Users/someones/.p2/pool/plugins/org.eclipse.justj.openjdk.hotspot.jre.full.win32.x86_64_19.0.0.v20221005-1658/jre/bin/server;C:/Users/someones/.p2/pool/plugins/org.eclipse.justj.openjdk.hotspot.jre.full.win32.x86_64_19.0.0.v20221005-1658/jre/bin;C:\app\someones\product\11.2.0\dbhome_1\bin;C:\Windows\system32;C:\Windows;C:\Windows\System32\Wbem;C:\Windows\System32\WindowsPowerShell\v1.0\;C:\Windows\System32\OpenSSH\;C:\Program Files (x86)\NVIDIA Corporation\PhysX\Common;C:\WINDOWS\system32;C:\WINDOWS;C:\WINDOWS\System32\Wbem;C:\WINDOWS\System32\WindowsPowerShell\v1.0\;C:\WINDOWS\System32\OpenSSH\;C:\Users\someones\AppData\Local\Programs\Python\Python310;C:\Program Files\Microsoft VS Code\bin;C:\Program Files\CodeBlocks\MinGW\bin;C:\Users\someones\.p2\pool\plugins\org.eclipse.justj.openjdk.hotspot.jre.full.win32.x86_64_19.0.0.v20221005-1658\jre\bin;C:\Program Files\NVIDIA Corporation\NVIDIA NvDLISR;C:\Program Files\Git\cmd;C:\Program Files\dotnet\;C:\Users\someones\AppData\Local\Programs\Python\Python311\Scripts\;C:\Users\someones\AppData\Local\Programs\Python\Python311\;C:\Users\someones\AppData\Local\Microsoft\WindowsApps;C:\Users\someones\AppData\Local\JetBrains\Toolbox\scripts;;C:\Program Files\JetBrains\IntelliJ IDEA Community Edition 2022.3.2\bin;;C:\Users\someones\Desktop;
USERNAME=someones
OS=Windows_NT
PROCESSOR_IDENTIFIER=Intel64 Family 6 Model 141 Stepping 1, GenuineIntel
TMP=C:\Users\someones\AppData\Local\Temp
TEMP=C:\Users\someones\AppData\Local\Temp



---------------  S Y S T E M  ---------------

OS:
 Windows 11 , 64 bit Build 22621 (10.0.22621.1485)
OS uptime: 0 days 4:26 hours

CPU: total 12 (initial active 12) (6 cores per cpu, 2 threads per core) family 6 model 141 stepping 1 microcode 0x34, cx8, cmov, fxsr, ht, mmx, 3dnowpref, sse, sse2, sse3, ssse3, sse4.1, sse4.2, popcnt, lzcnt, tsc, tscinvbit, avx, avx2, aes, erms, clmul, bmi1, bmi2, adx, avx512f, avx512dq, avx512cd, avx512bw, avx512vl, sha, fma, vzeroupper, avx512_vpopcntdq, avx512_vpclmulqdq, avx512_vaes, avx512_vnni, clflush, clflushopt, clwb, avx512_vbmi2, avx512_vbmi, rdtscp, rdpid, fsrm, gfni, avx512_bitalg

Memory: 4k page, system-wide physical 16121M (2603M free)
TotalPageFile size 64335M (AvailPageFile size 70M)
current process WorkingSet (physical memory assigned to process): 11M, peak: 11M
current process commit charge ("private bytes"): 64M, peak: 316M

vm_info: OpenJDK 64-Bit Server VM (19+36) for windows-amd64 JRE (19+36), built on 2022-09-20T00:00:00Z by "temurin" with MS VC++ 16.7 (VS2019)

END.
